<?xml version="1.0" encoding="UTF-8"?>
<Site BuildName="(empty)"
	BuildStamp="20260324-0712-Experimental"
	Name="ubuntu-22"
	Generator="ctest-3.22.1"
	CompilerName="/usr/bin/c++"
	CompilerVersion="11.4.0"
	OSName="Linux"
	Hostname="ubuntu-22"
	OSRelease="6.8.0-106-generic"
	OSVersion="#106~22.04.1-Ubuntu SMP PREEMPT_DYNAMIC Fri Mar  6 08:44:59 UTC "
	OSPlatform="x86_64"
	Is64Bits="1"
	VendorString="GenuineIntel"
	VendorID="Intel Corporation"
	FamilyID="6"
	ModelID="170"
	ProcessorCacheSize="24576"
	NumberOfLogicalCPU="22"
	NumberOfPhysicalCPU="16"
	TotalVirtualMemory="2047"
	TotalPhysicalMemory="31540"
	LogicalProcessorsPerPhysical="1"
	ProcessorClockFrequency="4011.82"
	>
	<Testing>
		<StartDateTime>Mar 24 18:12 AEDT</StartDateTime>
		<StartTestTime>1774336353</StartTestTime>
		<TestList>
			<Test>./cppcheck</Test>
			<Test>./flake8</Test>
			<Test>./lint_cmake</Test>
			<Test>./pep257</Test>
			<Test>./uncrustify</Test>
			<Test>./xmllint</Test>
		</TestList>
		<Test Status="passed">
			<Name>cppcheck</Name>
			<Path>.</Path>
			<FullName>./cppcheck</FullName>
			<FullCommandLine>/usr/bin/python3 "-u" "/opt/ros/humble/share/ament_cmake_test/cmake/run_test.py" "/home/ollie/git/1HoloAssist/ollie/ros2_ws/build/holoassist_manipulation/test_results/holoassist_manipulation/cppcheck.xunit.xml" "--package-name" "holoassist_manipulation" "--output-file" "/home/ollie/git/1HoloAssist/ollie/ros2_ws/build/holoassist_manipulation/ament_cppcheck/cppcheck.txt" "--command" "/opt/ros/humble/bin/ament_cppcheck" "--xunit-file" "/home/ollie/git/1HoloAssist/ollie/ros2_ws/build/holoassist_manipulation/test_results/holoassist_manipulation/cppcheck.xunit.xml"</FullCommandLine>
			<Results>
				<NamedMeasurement type="numeric/double" name="Execution Time">
					<Value>0.112092</Value>
				</NamedMeasurement>
				<NamedMeasurement type="numeric/double" name="Processors">
					<Value>1</Value>
				</NamedMeasurement>
				<NamedMeasurement type="text/string" name="Completion Status">
					<Value>Completed</Value>
				</NamedMeasurement>
				<NamedMeasurement type="text/string" name="Command Line">
					<Value>/usr/bin/python3 "-u" "/opt/ros/humble/share/ament_cmake_test/cmake/run_test.py" "/home/ollie/git/1HoloAssist/ollie/ros2_ws/build/holoassist_manipulation/test_results/holoassist_manipulation/cppcheck.xunit.xml" "--package-name" "holoassist_manipulation" "--output-file" "/home/ollie/git/1HoloAssist/ollie/ros2_ws/build/holoassist_manipulation/ament_cppcheck/cppcheck.txt" "--command" "/opt/ros/humble/bin/ament_cppcheck" "--xunit-file" "/home/ollie/git/1HoloAssist/ollie/ros2_ws/build/holoassist_manipulation/test_results/holoassist_manipulation/cppcheck.xunit.xml"</Value>
				</NamedMeasurement>
				<NamedMeasurement type="text/string" name="Environment">
					<Value>#CTEST_RESOURCE_GROUP_COUNT=</Value>
				</NamedMeasurement>
				<Measurement>
					<Value>-- run_test.py: invoking following command in '/home/ollie/git/1HoloAssist/ollie/ros2_ws/src/holoassist_manipulation':
 - /opt/ros/humble/bin/ament_cppcheck --xunit-file /home/ollie/git/1HoloAssist/ollie/ros2_ws/build/holoassist_manipulation/test_results/holoassist_manipulation/cppcheck.xunit.xml
cppcheck 2.7 has known performance issues and therefore will not be used, set the AMENT_CPPCHECK_ALLOW_SLOW_VERSIONS environment variable to override this.
-- run_test.py: return code 0
-- run_test.py: verify result file '/home/ollie/git/1HoloAssist/ollie/ros2_ws/build/holoassist_manipulation/test_results/holoassist_manipulation/cppcheck.xunit.xml'
</Value>
				</Measurement>
			</Results>
			<Labels>
				<Label>cppcheck</Label>
				<Label>linter</Label>
			</Labels>
		</Test>
		<Test Status="passed">
			<Name>flake8</Name>
			<Path>.</Path>
			<FullName>./flake8</FullName>
			<FullCommandLine>/usr/bin/python3 "-u" "/opt/ros/humble/share/ament_cmake_test/cmake/run_test.py" "/home/ollie/git/1HoloAssist/ollie/ros2_ws/build/holoassist_manipulation/test_results/holoassist_manipulation/flake8.xunit.xml" "--package-name" "holoassist_manipulation" "--output-file" "/home/ollie/git/1HoloAssist/ollie/ros2_ws/build/holoassist_manipulation/ament_flake8/flake8.txt" "--command" "/opt/ros/humble/bin/ament_flake8" "--xunit-file" "/home/ollie/git/1HoloAssist/ollie/ros2_ws/build/holoassist_manipulation/test_results/holoassist_manipulation/flake8.xunit.xml"</FullCommandLine>
			<Results>
				<NamedMeasurement type="numeric/double" name="Execution Time">
					<Value>0.162963</Value>
				</NamedMeasurement>
				<NamedMeasurement type="numeric/double" name="Processors">
					<Value>1</Value>
				</NamedMeasurement>
				<NamedMeasurement type="text/string" name="Completion Status">
					<Value>Completed</Value>
				</NamedMeasurement>
				<NamedMeasurement type="text/string" name="Command Line">
					<Value>/usr/bin/python3 "-u" "/opt/ros/humble/share/ament_cmake_test/cmake/run_test.py" "/home/ollie/git/1HoloAssist/ollie/ros2_ws/build/holoassist_manipulation/test_results/holoassist_manipulation/flake8.xunit.xml" "--package-name" "holoassist_manipulation" "--output-file" "/home/ollie/git/1HoloAssist/ollie/ros2_ws/build/holoassist_manipulation/ament_flake8/flake8.txt" "--command" "/opt/ros/humble/bin/ament_flake8" "--xunit-file" "/home/ollie/git/1HoloAssist/ollie/ros2_ws/build/holoassist_manipulation/test_results/holoassist_manipulation/flake8.xunit.xml"</Value>
				</NamedMeasurement>
				<NamedMeasurement type="text/string" name="Environment">
					<Value>#CTEST_RESOURCE_GROUP_COUNT=</Value>
				</NamedMeasurement>
				<Measurement>
					<Value>-- run_test.py: invoking following command in '/home/ollie/git/1HoloAssist/ollie/ros2_ws/src/holoassist_manipulation':
 - /opt/ros/humble/bin/ament_flake8 --xunit-file /home/ollie/git/1HoloAssist/ollie/ros2_ws/build/holoassist_manipulation/test_results/holoassist_manipulation/flake8.xunit.xml

1 files checked
No problems found

Checked files:

* ./launch/click_to_plan.launch.py
-- run_test.py: return code 0
-- run_test.py: verify result file '/home/ollie/git/1HoloAssist/ollie/ros2_ws/build/holoassist_manipulation/test_results/holoassist_manipulation/flake8.xunit.xml'
</Value>
				</Measurement>
			</Results>
			<Labels>
				<Label>flake8</Label>
				<Label>linter</Label>
			</Labels>
		</Test>
		<Test Status="passed">
			<Name>lint_cmake</Name>
			<Path>.</Path>
			<FullName>./lint_cmake</FullName>
			<FullCommandLine>/usr/bin/python3 "-u" "/opt/ros/humble/share/ament_cmake_test/cmake/run_test.py" "/home/ollie/git/1HoloAssist/ollie/ros2_ws/build/holoassist_manipulation/test_results/holoassist_manipulation/lint_cmake.xunit.xml" "--package-name" "holoassist_manipulation" "--output-file" "/home/ollie/git/1HoloAssist/ollie/ros2_ws/build/holoassist_manipulation/ament_lint_cmake/lint_cmake.txt" "--command" "/opt/ros/humble/bin/ament_lint_cmake" "--xunit-file" "/home/ollie/git/1HoloAssist/ollie/ros2_ws/build/holoassist_manipulation/test_results/holoassist_manipulation/lint_cmake.xunit.xml"</FullCommandLine>
			<Results>
				<NamedMeasurement type="numeric/double" name="Execution Time">
					<Value>0.0935962</Value>
				</NamedMeasurement>
				<NamedMeasurement type="numeric/double" name="Processors">
					<Value>1</Value>
				</NamedMeasurement>
				<NamedMeasurement type="text/string" name="Completion Status">
					<Value>Completed</Value>
				</NamedMeasurement>
				<NamedMeasurement type="text/string" name="Command Line">
					<Value>/usr/bin/python3 "-u" "/opt/ros/humble/share/ament_cmake_test/cmake/run_test.py" "/home/ollie/git/1HoloAssist/ollie/ros2_ws/build/holoassist_manipulation/test_results/holoassist_manipulation/lint_cmake.xunit.xml" "--package-name" "holoassist_manipulation" "--output-file" "/home/ollie/git/1HoloAssist/ollie/ros2_ws/build/holoassist_manipulation/ament_lint_cmake/lint_cmake.txt" "--command" "/opt/ros/humble/bin/ament_lint_cmake" "--xunit-file" "/home/ollie/git/1HoloAssist/ollie/ros2_ws/build/holoassist_manipulation/test_results/holoassist_manipulation/lint_cmake.xunit.xml"</Value>
				</NamedMeasurement>
				<NamedMeasurement type="text/string" name="Environment">
					<Value>#CTEST_RESOURCE_GROUP_COUNT=</Value>
				</NamedMeasurement>
				<Measurement>
					<Value>-- run_test.py: invoking following command in '/home/ollie/git/1HoloAssist/ollie/ros2_ws/src/holoassist_manipulation':
 - /opt/ros/humble/bin/ament_lint_cmake --xunit-file /home/ollie/git/1HoloAssist/ollie/ros2_ws/build/holoassist_manipulation/test_results/holoassist_manipulation/lint_cmake.xunit.xml

No problems found
-- run_test.py: return code 0
-- run_test.py: verify result file '/home/ollie/git/1HoloAssist/ollie/ros2_ws/build/holoassist_manipulation/test_results/holoassist_manipulation/lint_cmake.xunit.xml'
</Value>
				</Measurement>
			</Results>
			<Labels>
				<Label>lint_cmake</Label>
				<Label>linter</Label>
			</Labels>
		</Test>
		<Test Status="passed">
			<Name>pep257</Name>
			<Path>.</Path>
			<FullName>./pep257</FullName>
			<FullCommandLine>/usr/bin/python3 "-u" "/opt/ros/humble/share/ament_cmake_test/cmake/run_test.py" "/home/ollie/git/1HoloAssist/ollie/ros2_ws/build/holoassist_manipulation/test_results/holoassist_manipulation/pep257.xunit.xml" "--package-name" "holoassist_manipulation" "--output-file" "/home/ollie/git/1HoloAssist/ollie/ros2_ws/build/holoassist_manipulation/ament_pep257/pep257.txt" "--command" "/opt/ros/humble/bin/ament_pep257" "--xunit-file" "/home/ollie/git/1HoloAssist/ollie/ros2_ws/build/holoassist_manipulation/test_results/holoassist_manipulation/pep257.xunit.xml"</FullCommandLine>
			<Results>
				<NamedMeasurement type="numeric/double" name="Execution Time">
					<Value>0.130021</Value>
				</NamedMeasurement>
				<NamedMeasurement type="numeric/double" name="Processors">
					<Value>1</Value>
				</NamedMeasurement>
				<NamedMeasurement type="text/string" name="Completion Status">
					<Value>Completed</Value>
				</NamedMeasurement>
				<NamedMeasurement type="text/string" name="Command Line">
					<Value>/usr/bin/python3 "-u" "/opt/ros/humble/share/ament_cmake_test/cmake/run_test.py" "/home/ollie/git/1HoloAssist/ollie/ros2_ws/build/holoassist_manipulation/test_results/holoassist_manipulation/pep257.xunit.xml" "--package-name" "holoassist_manipulation" "--output-file" "/home/ollie/git/1HoloAssist/ollie/ros2_ws/build/holoassist_manipulation/ament_pep257/pep257.txt" "--command" "/opt/ros/humble/bin/ament_pep257" "--xunit-file" "/home/ollie/git/1HoloAssist/ollie/ros2_ws/build/holoassist_manipulation/test_results/holoassist_manipulation/pep257.xunit.xml"</Value>
				</NamedMeasurement>
				<NamedMeasurement type="text/string" name="Environment">
					<Value>#CTEST_RESOURCE_GROUP_COUNT=</Value>
				</NamedMeasurement>
				<Measurement>
					<Value>-- run_test.py: invoking following command in '/home/ollie/git/1HoloAssist/ollie/ros2_ws/src/holoassist_manipulation':
 - /opt/ros/humble/bin/ament_pep257 --xunit-file /home/ollie/git/1HoloAssist/ollie/ros2_ws/build/holoassist_manipulation/test_results/holoassist_manipulation/pep257.xunit.xml
checking ./launch/click_to_plan.launch.py
No problems found
-- run_test.py: return code 0
-- run_test.py: verify result file '/home/ollie/git/1HoloAssist/ollie/ros2_ws/build/holoassist_manipulation/test_results/holoassist_manipulation/pep257.xunit.xml'
</Value>
				</Measurement>
			</Results>
			<Labels>
				<Label>linter</Label>
				<Label>pep257</Label>
			</Labels>
		</Test>
		<Test Status="failed">
			<Name>uncrustify</Name>
			<Path>.</Path>
			<FullName>./uncrustify</FullName>
			<FullCommandLine>/usr/bin/python3 "-u" "/opt/ros/humble/share/ament_cmake_test/cmake/run_test.py" "/home/ollie/git/1HoloAssist/ollie/ros2_ws/build/holoassist_manipulation/test_results/holoassist_manipulation/uncrustify.xunit.xml" "--package-name" "holoassist_manipulation" "--output-file" "/home/ollie/git/1HoloAssist/ollie/ros2_ws/build/holoassist_manipulation/ament_uncrustify/uncrustify.txt" "--command" "/opt/ros/humble/bin/ament_uncrustify" "--xunit-file" "/home/ollie/git/1HoloAssist/ollie/ros2_ws/build/holoassist_manipulation/test_results/holoassist_manipulation/uncrustify.xunit.xml"</FullCommandLine>
			<Results>
				<NamedMeasurement type="text/string" name="Exit Code">
					<Value>Failed</Value>
				</NamedMeasurement>
				<NamedMeasurement type="text/string" name="Exit Value">
					<Value>1</Value>
				</NamedMeasurement>
				<NamedMeasurement type="numeric/double" name="Execution Time">
					<Value>0.117126</Value>
				</NamedMeasurement>
				<NamedMeasurement type="numeric/double" name="Processors">
					<Value>1</Value>
				</NamedMeasurement>
				<NamedMeasurement type="text/string" name="Completion Status">
					<Value>Completed</Value>
				</NamedMeasurement>
				<NamedMeasurement type="text/string" name="Command Line">
					<Value>/usr/bin/python3 "-u" "/opt/ros/humble/share/ament_cmake_test/cmake/run_test.py" "/home/ollie/git/1HoloAssist/ollie/ros2_ws/build/holoassist_manipulation/test_results/holoassist_manipulation/uncrustify.xunit.xml" "--package-name" "holoassist_manipulation" "--output-file" "/home/ollie/git/1HoloAssist/ollie/ros2_ws/build/holoassist_manipulation/ament_uncrustify/uncrustify.txt" "--command" "/opt/ros/humble/bin/ament_uncrustify" "--xunit-file" "/home/ollie/git/1HoloAssist/ollie/ros2_ws/build/holoassist_manipulation/test_results/holoassist_manipulation/uncrustify.xunit.xml"</Value>
				</NamedMeasurement>
				<NamedMeasurement type="text/string" name="Environment">
					<Value>#CTEST_RESOURCE_GROUP_COUNT=</Value>
				</NamedMeasurement>
				<Measurement>
					<Value>-- run_test.py: invoking following command in '/home/ollie/git/1HoloAssist/ollie/ros2_ws/src/holoassist_manipulation':
 - /opt/ros/humble/bin/ament_uncrustify --xunit-file /home/ollie/git/1HoloAssist/ollie/ros2_ws/build/holoassist_manipulation/test_results/holoassist_manipulation/uncrustify.xunit.xml
Code style divergence in file 'src/clicked_point_to_moveit.cpp':

--- src/clicked_point_to_moveit.cpp
+++ src/clicked_point_to_moveit.cpp.uncrustify
@@ -11 +11,2 @@
-  ClickedPointToMoveIt() : Node("clicked_point_to_moveit")
+  ClickedPointToMoveIt()
+  : Node("clicked_point_to_moveit")
@@ -27 +28,3 @@
-    moveit_node_ = std::make_shared&lt;rclcpp::Node&gt;("clicked_point_to_moveit_moveit", moveit_node_options);
+    moveit_node_ = std::make_shared&lt;rclcpp::Node&gt;(
+      "clicked_point_to_moveit_moveit",
+      moveit_node_options);
@@ -29 +32,3 @@
-    move_group_ = std::make_shared&lt;moveit::planning_interface::MoveGroupInterface&gt;(moveit_node_, move_group_name_);
+    move_group_ = std::make_shared&lt;moveit::planning_interface::MoveGroupInterface&gt;(
+      moveit_node_,
+      move_group_name_);
@@ -66,2 +71 @@
-    if (!ok)
-    {
+    if (!ok) {
@@ -76 +80 @@
-  void publishMarker(const geometry_msgs::msg::PoseStamped&amp; pose)
+  void publishMarker(const geometry_msgs::msg::PoseStamped &amp; pose)
@@ -98 +102 @@
-int main(int argc, char** argv)
+int main(int argc, char ** argv)

1 files with code style divergence
-- run_test.py: return code 1
-- run_test.py: verify result file '/home/ollie/git/1HoloAssist/ollie/ros2_ws/build/holoassist_manipulation/test_results/holoassist_manipulation/uncrustify.xunit.xml'
</Value>
				</Measurement>
			</Results>
			<Labels>
				<Label>linter</Label>
				<Label>uncrustify</Label>
			</Labels>
		</Test>
		<Test Status="passed">
			<Name>xmllint</Name>
			<Path>.</Path>
			<FullName>./xmllint</FullName>
			<FullCommandLine>/usr/bin/python3 "-u" "/opt/ros/humble/share/ament_cmake_test/cmake/run_test.py" "/home/ollie/git/1HoloAssist/ollie/ros2_ws/build/holoassist_manipulation/test_results/holoassist_manipulation/xmllint.xunit.xml" "--package-name" "holoassist_manipulation" "--output-file" "/home/ollie/git/1HoloAssist/ollie/ros2_ws/build/holoassist_manipulation/ament_xmllint/xmllint.txt" "--command" "/opt/ros/humble/bin/ament_xmllint" "--xunit-file" "/home/ollie/git/1HoloAssist/ollie/ros2_ws/build/holoassist_manipulation/test_results/holoassist_manipulation/xmllint.xunit.xml"</FullCommandLine>
			<Results>
				<NamedMeasurement type="numeric/double" name="Execution Time">
					<Value>1.1209</Value>
				</NamedMeasurement>
				<NamedMeasurement type="numeric/double" name="Processors">
					<Value>1</Value>
				</NamedMeasurement>
				<NamedMeasurement type="text/string" name="Completion Status">
					<Value>Completed</Value>
				</NamedMeasurement>
				<NamedMeasurement type="text/string" name="Command Line">
					<Value>/usr/bin/python3 "-u" "/opt/ros/humble/share/ament_cmake_test/cmake/run_test.py" "/home/ollie/git/1HoloAssist/ollie/ros2_ws/build/holoassist_manipulation/test_results/holoassist_manipulation/xmllint.xunit.xml" "--package-name" "holoassist_manipulation" "--output-file" "/home/ollie/git/1HoloAssist/ollie/ros2_ws/build/holoassist_manipulation/ament_xmllint/xmllint.txt" "--command" "/opt/ros/humble/bin/ament_xmllint" "--xunit-file" "/home/ollie/git/1HoloAssist/ollie/ros2_ws/build/holoassist_manipulation/test_results/holoassist_manipulation/xmllint.xunit.xml"</Value>
				</NamedMeasurement>
				<NamedMeasurement type="text/string" name="Environment">
					<Value>#CTEST_RESOURCE_GROUP_COUNT=</Value>
				</NamedMeasurement>
				<Measurement>
					<Value>-- run_test.py: invoking following command in '/home/ollie/git/1HoloAssist/ollie/ros2_ws/src/holoassist_manipulation':
 - /opt/ros/humble/bin/ament_xmllint --xunit-file /home/ollie/git/1HoloAssist/ollie/ros2_ws/build/holoassist_manipulation/test_results/holoassist_manipulation/xmllint.xunit.xml
File 'package.xml' is valid

No problems found
-- run_test.py: return code 0
-- run_test.py: verify result file '/home/ollie/git/1HoloAssist/ollie/ros2_ws/build/holoassist_manipulation/test_results/holoassist_manipulation/xmllint.xunit.xml'
</Value>
				</Measurement>
			</Results>
			<Labels>
				<Label>linter</Label>
				<Label>xmllint</Label>
			</Labels>
		</Test>
		<EndDateTime>Mar 24 18:12 AEDT</EndDateTime>
		<EndTestTime>1774336355</EndTestTime>
		<ElapsedMinutes>0</ElapsedMinutes>
	</Testing>
</Site>
