<?xml version="1.0" encoding="utf-8"?><testsuites><testsuite name="pytest" errors="0" failures="0" skipped="1" tests="3" time="0.144" timestamp="2026-03-24T18:13:41.651206" hostname="ubuntu-22"><testcase classname="holoassist_servo_tools.test.test_copyright" name="test_copyright" time="0.000"><skipped type="pytest.skip" message="No copyright header has been placed in the generated source file.">/home/ollie/git/1HoloAssist/ollie/ros2_ws/src/holoassist_servo_tools/test/test_copyright.py:20: No copyright header has been placed in the generated source file.</skipped></testcase><testcase classname="holoassist_servo_tools.test.test_flake8" name="test_flake8" time="0.066" /><testcase classname="holoassist_servo_tools.test.test_pep257" name="test_pep257" time="0.025" /></testsuite></testsuites>